Arguments: 
  C:\Program Files\nodejs\node.exe C:\Program Files (x86)\Yarn\bin\yarn.js install

PATH: 
  C:\Users\Dennis\bin;C:\Program Files\Git\mingw64\bin;C:\Program Files\Git\usr\local\bin;C:\Program Files\Git\usr\bin;C:\Program Files\Git\usr\bin;C:\Program Files\Git\mingw64\bin;C:\Program Files\Git\usr\bin;C:\Users\Dennis\bin;C:\Users\Dennis\AppData\Roaming\npm;C:\Python310\Scripts;C:\Python310;C:\Program Files\Common Files\Oracle\Java\javapath;C:\WINDOWS\system32;C:\WINDOWS;C:\WINDOWS\System32\Wbem;C:\WINDOWS\System32\WindowsPowerShell\v1.0;C:\Program Files\Git\cmd;C:\WINDOWS\System32\OpenSSH;C:\Program Files\FME;C:\Program Files\Sublime Text 3;C:\Program Files\RStudio\bin;C:\Users\Dennis\AppData\Roaming\nvm;C:\Users\Dennis\AppData\Local\Microsoft\WindowsApps;C:\Users\Dennis\AppData\Roaming\Dashlane\4.6.8.26847\bin\Firefox_Extension\{442718d9-475e-452a-b3e1-fb1ee16b8e9f}\components;C:\Users\Dennis\AppData\Local\Programs\Microsoft VS Code\bin;C:\WINDOWS\system32;C:\WINDOWS;C:\WINDOWS\System32\Wbem;C:\WINDOWS\System32\WindowsPowerShell\v1.0;C:\WINDOWS\System32\OpenSSH;C:\Users\Dennis\Desktop\php-7.4;C:\Users\Dennis\Desktop\php-7.4;C:\Users\Dennis\AppData\Local\Yarn\bin;C:\Program Files (x86)\Microsoft SQL Server\100\Tools\Binn;C:\Program Files\Microsoft SQL Server\100\Tools\Binn;C:\Program Files\Microsoft SQL Server\100\DTS\Binn;C:\ProgramData\chocolatey\bin;C:\Program Files\nodejs;C:\Program Files (x86)\Yarn\bin;C:\Program Files\Java\jdk1.8.0_211\bin;C:\Users\andre\AppData\Local\Android\Sdk\platform-tools;C:\Users\Dennis\AppData\Local\Yarn\bi;C:\Users\andre\AppData\Local\Android\Sdk\platform-tools";C:\Users\Dennis\AppData\Local\Microsoft\WindowsApps;C:\Users\Dennis\AppData\Roaming\Dashlane\4.6.8.26847\bin\Firefox_Extension\{442718d9-475e-452a-b3e1-fb1ee16b8e9f}\components;C:\Users\Dennis\AppData\Local\Programs\Microsoft VS Code\bin;C:\Users\Dennis\AppData\Roaming\nvm;C:\Users\Dennis\AppData\Local\GitHubDesktop\bin;C:\Users\Dennis\AppData\Local\Microsoft\WindowsApps;C:\Users\Dennis\Desktop\php-7.4;C:\Users\Dennis\Desktop\php-7.4;C:\Users\Dennis\AppData\Roaming\npm;C:\Users\Dennis\AppData\Local\Android\Sdk\platform-tools;C:\Program Files\Git\usr\bin\vendor_perl;C:\Program Files\Git\usr\bin\core_perl

Yarn version: 
  1.22.15

Node version: 
  16.13.0

Platform: 
  win32 x64

Trace: 
  Error: getaddrinfo ENOTFOUND registry.yarnpkg.com
      at GetAddrInfoReqWrap.onlookup [as oncomplete] (node:dns:71:26)

npm manifest: 
  {
    "name": "kings-clothing",
    "version": "0.1.0",
    "private": true,
    "dependencies": {
      "@material-ui/core": "^4.12.2",
      "@material-ui/icons": "^4.11.2",
      "@testing-library/jest-dom": "^5.11.4",
      "@testing-library/react": "^11.1.0",
      "@testing-library/user-event": "^12.1.10",
      "firebase": "^8.4.2",
      "firebase-tools": "^9.21.0",
      "node-sass": "^5.0.0",
      "react": "^17.0.2",
      "react-dom": "^17.0.2",
      "react-icons": "^4.2.0",
      "react-redux": "7.0.3",
      "react-router-dom": "^5.2.0",
      "react-scripts": "^4.0.3",
      "react-slick": "^0.28.1",
      "react-slideshow-image": "^3.4.6",
      "redux": "4.0.1",
      "redux-logger": "3.0.6",
      "redux-persist": "^6.0.0",
      "reselect": "4.0.0",
      "slick-carousel": "^1.8.1",
      "styled-components": "^5.2.3",
      "web-vitals": "^1.0.1"
    },
    "scripts": {
      "start": "react-scripts start",
      "build": "react-scripts build",
      "test": "react-scripts test",
      "eject": "react-scripts eject"
    },
    "eslintConfig": {
      "extends": [
        "react-app",
        "react-app/jest"
      ]
    },
    "browserslist": {
      "production": [
        ">0.2%",
        "not dead",
        "not op_mini all"
      ],
      "development": [
        "last 1 chrome version",
        "last 1 firefox version",
        "last 1 safari version"
      ]
    }
  }

yarn manifest: 
  No manifest

Lockfile: 
  No lockfile
